<?xml version="1.0" encoding="UTF-8"?>
<!-- Generated by org.testng.reporters.JUnitReportReporter -->
<testsuite hostname="AIL044" failures="0" tests="1" name="TestCases.QaLegend_TestCases" time="15.119" errors="0" timestamp="2024-06-20T18:24:28 IST" skipped="0">
  <testcase classname="TestCases.QaLegend_TestCases" name="addEditNotes" time="15.119"/>
</testsuite> <!-- TestCases.QaLegend_TestCases -->
